<?xml version="1.0" encoding="UTF-8"?>
<!-- Generated by org.testng.reporters.JUnitReportReporter -->
<testsuite hostname="DESKTOP-E9783L9" failures="0" tests="2" name="Practice.Testng.Classn3" time="0.017" errors="0" timestamp="2023-12-17T11:35:34 PKT" skipped="0">
  <testcase classname="Practice.Testng.Classn3" name="test11" time="0.004"/>
  <system-out/>
  <testcase classname="Practice.Testng.Classn3" name="test10" time="0.013"/>
  <system-out/>
</testsuite> <!-- Practice.Testng.Classn3 -->
