<?xml version="1.0" encoding="UTF-8"?>
<!-- Generated by org.testng.reporters.JUnitReportReporter -->
<testsuite hostname="DESKTOP-E9783L9" failures="0" tests="1" name="Practice.Testng.Classn4" time="0.002" errors="0" timestamp="2023-12-17T11:35:34 PKT" skipped="0">
  <testcase classname="Practice.Testng.Classn4" name="test14" time="0.002"/>
  <system-out/>
</testsuite> <!-- Practice.Testng.Classn4 -->
