<?xml version="1.0" encoding="UTF-8"?>
<!-- Generated by org.testng.reporters.JUnitReportReporter -->
<testsuite hostname="DESKTOP-E9783L9" failures="0" tests="2" name="Practice.Testng.Classn2" time="0.020" errors="0" timestamp="2023-12-17T11:35:34 PKT" skipped="0">
  <testcase classname="Practice.Testng.Classn2" name="test7" time="0.015"/>
  <system-out/>
  <testcase classname="Practice.Testng.Classn2" name="test6" time="0.005"/>
  <system-out/>
</testsuite> <!-- Practice.Testng.Classn2 -->
